 2021/12/11 11:54:38 || INFO] || Running on Landsat 5 data
 2021/12/11 11:54:38 || INFO] || Processing on ./products-int/images-raw/LT05_L1TP_230094_20111011_20161005_01_T1 dir
 2021/12/11 11:54:38 || INFO] || Using clipping flag: False
 2021/12/11 11:54:38 || INFO] || PROCESSING band: B1
 2021/12/11 11:54:38 || INFO] || resample: False - scale factor 1 - true pixel 30.0
 2021/12/11 11:54:38 || INFO] || no bbox - full match: True - area: 1
 2021/12/11 11:54:38 || INFO] || calibrating band B1
 2021/12/11 11:54:40 || INFO] || reprojecting band B1
 2021/12/11 11:54:47 || INFO] || PROCESSING band: B2
 2021/12/11 11:54:47 || INFO] || resample: False - scale factor 1 - true pixel 30.0
 2021/12/11 11:54:47 || INFO] || no bbox - full match: True - area: 1
 2021/12/11 11:54:48 || INFO] || calibrating band B2
 2021/12/11 11:54:49 || INFO] || reprojecting band B2
 2021/12/11 11:54:57 || INFO] || PROCESSING band: B3
 2021/12/11 11:54:57 || INFO] || resample: False - scale factor 1 - true pixel 30.0
 2021/12/11 11:54:57 || INFO] || no bbox - full match: True - area: 1
 2021/12/11 11:54:57 || INFO] || calibrating band B3
 2021/12/11 11:54:59 || INFO] || reprojecting band B3
 2021/12/11 11:55:06 || INFO] || PROCESSING band: B4
 2021/12/11 11:55:06 || INFO] || resample: False - scale factor 1 - true pixel 30.0
 2021/12/11 11:55:06 || INFO] || no bbox - full match: True - area: 1
 2021/12/11 11:55:07 || INFO] || calibrating band B4
 2021/12/11 11:55:08 || INFO] || reprojecting band B4
 2021/12/11 11:55:16 || INFO] || PROCESSING band: B5
 2021/12/11 11:55:16 || INFO] || resample: False - scale factor 1 - true pixel 30.0
 2021/12/11 11:55:16 || INFO] || no bbox - full match: True - area: 1
 2021/12/11 11:55:16 || INFO] || calibrating band B5
 2021/12/11 11:55:18 || INFO] || reprojecting band B5
 2021/12/11 11:55:26 || INFO] || Got Full Match (if applies) - no need to merge
 2021/12/11 11:55:33 || INFO] || Writting raster processed data to ./products-int/images-crop/LT05_L1TP_230094_20111011_20161005_01_T1_complete.TIF
 2021/12/11 11:55:33 || INFO] || Processing band: BQA
 2021/12/11 11:55:33 || INFO] || resample: False - scale factor 1 - true pixel 30.0
 2021/12/11 11:55:33 || INFO] || no bbox - full match: True - area: 1
 2021/12/11 11:55:33 || INFO] || calibrating band BQA
 2021/12/11 11:55:33 || INFO] || reprojecting band BQA
 2021/12/11 11:55:35 || INFO] || Writting raster cloud processed data to ./products-int/images-crop/LT05_L1TP_230094_20111011_20161005_01_T1_CLOUDS_complete.TIF
