[2021/12/11 11:53:41] [INFO] Running on Landsat 5 data
[2021/12/11 11:53:41] [INFO] Processing on ./products-int/images-raw/LT05_L1TP_230094_20111011_20161005_01_T1 dir
[2021/12/11 11:53:41] [INFO] Using clipping flag: False
[2021/12/11 11:53:41] [INFO] PROCESSING band: B1
[2021/12/11 11:53:41] [INFO] resample: False - scale factor 1 - true pixel 30.0
[2021/12/11 11:53:41] [INFO] no bbox - full match: True - area: 1
[2021/12/11 11:53:42] [INFO] calibrating band B1
[2021/12/11 11:53:43] [INFO] reprojecting band B1
[2021/12/11 11:53:51] [INFO] PROCESSING band: B2
[2021/12/11 11:53:51] [INFO] resample: False - scale factor 1 - true pixel 30.0
[2021/12/11 11:53:51] [INFO] no bbox - full match: True - area: 1
[2021/12/11 11:53:51] [INFO] calibrating band B2
[2021/12/11 11:53:53] [INFO] reprojecting band B2
[2021/12/11 11:54:00] [INFO] PROCESSING band: B3
[2021/12/11 11:54:00] [INFO] resample: False - scale factor 1 - true pixel 30.0
[2021/12/11 11:54:00] [INFO] no bbox - full match: True - area: 1
[2021/12/11 11:54:00] [INFO] calibrating band B3
[2021/12/11 11:54:02] [INFO] reprojecting band B3
[2021/12/11 11:54:09] [INFO] PROCESSING band: B4
[2021/12/11 11:54:09] [INFO] resample: False - scale factor 1 - true pixel 30.0
[2021/12/11 11:54:09] [INFO] no bbox - full match: True - area: 1
[2021/12/11 11:54:10] [INFO] calibrating band B4
[2021/12/11 11:54:12] [INFO] reprojecting band B4
[2021/12/11 11:54:19] [INFO] PROCESSING band: B5
[2021/12/11 11:54:19] [INFO] resample: False - scale factor 1 - true pixel 30.0
[2021/12/11 11:54:19] [INFO] no bbox - full match: True - area: 1
[2021/12/11 11:54:19] [INFO] calibrating band B5
[2021/12/11 11:54:21] [INFO] reprojecting band B5
[2021/12/11 11:54:29] [INFO] Got Full Match (if applies) - no need to merge
[2021/12/11 11:54:36] [INFO] Writting raster processed data to ./products-int/images-crop/LT05_L1TP_230094_20111011_20161005_01_T1_complete.TIF
[2021/12/11 11:54:36] [INFO] Processing band: BQA
[2021/12/11 11:54:36] [INFO] resample: False - scale factor 1 - true pixel 30.0
[2021/12/11 11:54:36] [INFO] no bbox - full match: True - area: 1
[2021/12/11 11:54:36] [INFO] calibrating band BQA
[2021/12/11 11:54:36] [INFO] reprojecting band BQA
[2021/12/11 11:54:38] [INFO] Writting raster cloud processed data to ./products-int/images-crop/LT05_L1TP_230094_20111011_20161005_01_T1_CLOUDS_complete.TIF
