omero.gateway - DEBUG - islay.bio.ed.ac.uk
omero.gateway - DEBUG - None
omero.gateway - DEBUG - []
omero.gateway - DEBUG - Connect attempt, sUuid=None, group=None, self.sUuid=None
omero.gateway - DEBUG - Creating Session...
omero.gateway - DEBUG - ## Creating proxies
omero.gateway.utils - DEBUG - Setting 'omero.client.uuid' to 'cdfeb289-ac82-493f-870a-a6f6fcf7f7ac'
omero.gateway.utils - DEBUG - Setting 'omero.session.uuid' to 'b44c07a7-ee96-44dd-9d74-f061c5a56f2d'
omero.gateway.utils - DEBUG - Key 'omero.group' not found in <ServiceOptsDict: {'omero.client.uuid': 'cdfeb289-ac82-493f-870a-a6f6fcf7f7ac', 'omero.session.uuid': 'b44c07a7-ee96-44dd-9d74-f061c5a56f2d'}>
omero.gateway.utils - DEBUG - Key 'omero.user' not found in <ServiceOptsDict: {'omero.client.uuid': 'cdfeb289-ac82-493f-870a-a6f6fcf7f7ac', 'omero.session.uuid': 'b44c07a7-ee96-44dd-9d74-f061c5a56f2d'}>
omero.gateway - DEBUG - Session created
omero.gateway - DEBUG - ## Reusing proxies
omero.gateway - INFO - created connection (uuid=b44c07a7-ee96-44dd-9d74-f061c5a56f2d)
omero.gateway - DEBUG - .. connected!
omero.gateway.utils - DEBUG - Setting 'omero.client.uuid' to 'cdfeb289-ac82-493f-870a-a6f6fcf7f7ac'
omero.gateway.utils - DEBUG - Setting 'omero.session.uuid' to 'b44c07a7-ee96-44dd-9d74-f061c5a56f2d'
omero.gateway.utils - DEBUG - Setting 'omero.group' to 3
omero.gateway - INFO - closed connection (uuid=b44c07a7-ee96-44dd-9d74-f061c5a56f2d)
omero.gateway - DEBUG - islay.bio.ed.ac.uk
omero.gateway - DEBUG - None
omero.gateway - DEBUG - []
omero.gateway - DEBUG - Connect attempt, sUuid=None, group=None, self.sUuid=None
omero.gateway - DEBUG - Creating Session...
omero.gateway - DEBUG - ## Creating proxies
omero.gateway.utils - DEBUG - Setting 'omero.client.uuid' to '2ff09bed-86c6-45ce-9ca7-d8124d565a5c'
omero.gateway.utils - DEBUG - Setting 'omero.session.uuid' to 'ecc41244-8d42-43cb-a099-babe64def078'
omero.gateway.utils - DEBUG - Key 'omero.group' not found in <ServiceOptsDict: {'omero.client.uuid': '2ff09bed-86c6-45ce-9ca7-d8124d565a5c', 'omero.session.uuid': 'ecc41244-8d42-43cb-a099-babe64def078'}>
omero.gateway.utils - DEBUG - Key 'omero.user' not found in <ServiceOptsDict: {'omero.client.uuid': '2ff09bed-86c6-45ce-9ca7-d8124d565a5c', 'omero.session.uuid': 'ecc41244-8d42-43cb-a099-babe64def078'}>
omero.gateway - DEBUG - Session created
omero.gateway - DEBUG - ## Reusing proxies
omero.gateway - INFO - created connection (uuid=ecc41244-8d42-43cb-a099-babe64def078)
omero.gateway - DEBUG - .. connected!
omero.gateway - INFO - closed connection (uuid=ecc41244-8d42-43cb-a099-babe64def078)
omero.gateway - DEBUG - islay.bio.ed.ac.uk
omero.gateway - DEBUG - None
omero.gateway - DEBUG - []
omero.gateway - DEBUG - Connect attempt, sUuid=None, group=None, self.sUuid=None
omero.gateway - DEBUG - Creating Session...
omero.gateway - DEBUG - ## Creating proxies
omero.gateway.utils - DEBUG - Setting 'omero.client.uuid' to '75c0182c-1e87-465a-b440-4d8c686a9b7a'
omero.gateway.utils - DEBUG - Setting 'omero.session.uuid' to '931874dc-7014-4255-8aef-37e4e50660f7'
omero.gateway.utils - DEBUG - Key 'omero.group' not found in <ServiceOptsDict: {'omero.client.uuid': '75c0182c-1e87-465a-b440-4d8c686a9b7a', 'omero.session.uuid': '931874dc-7014-4255-8aef-37e4e50660f7'}>
omero.gateway.utils - DEBUG - Key 'omero.user' not found in <ServiceOptsDict: {'omero.client.uuid': '75c0182c-1e87-465a-b440-4d8c686a9b7a', 'omero.session.uuid': '931874dc-7014-4255-8aef-37e4e50660f7'}>
omero.gateway - DEBUG - Session created
omero.gateway - DEBUG - ## Reusing proxies
omero.gateway - INFO - created connection (uuid=931874dc-7014-4255-8aef-37e4e50660f7)
omero.gateway - DEBUG - .. connected!
omero.gateway - INFO - closed connection (uuid=931874dc-7014-4255-8aef-37e4e50660f7)
omero.gateway - DEBUG - islay.bio.ed.ac.uk
omero.gateway - DEBUG - None
omero.gateway - DEBUG - []
omero.gateway - DEBUG - Connect attempt, sUuid=None, group=None, self.sUuid=None
omero.gateway - DEBUG - Creating Session...
omero.gateway - DEBUG - ## Creating proxies
omero.gateway.utils - DEBUG - Setting 'omero.client.uuid' to '00794a67-eb95-492e-b929-03a7f1cfdf99'
omero.gateway.utils - DEBUG - Setting 'omero.session.uuid' to '8306a007-f169-48b1-9be9-c4f21cca5980'
omero.gateway.utils - DEBUG - Key 'omero.group' not found in <ServiceOptsDict: {'omero.client.uuid': '00794a67-eb95-492e-b929-03a7f1cfdf99', 'omero.session.uuid': '8306a007-f169-48b1-9be9-c4f21cca5980'}>
omero.gateway.utils - DEBUG - Key 'omero.user' not found in <ServiceOptsDict: {'omero.client.uuid': '00794a67-eb95-492e-b929-03a7f1cfdf99', 'omero.session.uuid': '8306a007-f169-48b1-9be9-c4f21cca5980'}>
omero.gateway - DEBUG - Session created
omero.gateway - DEBUG - ## Reusing proxies
omero.gateway - INFO - created connection (uuid=8306a007-f169-48b1-9be9-c4f21cca5980)
omero.gateway - DEBUG - .. connected!
omero.gateway - INFO - closed connection (uuid=8306a007-f169-48b1-9be9-c4f21cca5980)
omero.gateway - DEBUG - islay.bio.ed.ac.uk
omero.gateway - DEBUG - None
omero.gateway - DEBUG - []
omero.gateway - DEBUG - Connect attempt, sUuid=None, group=None, self.sUuid=None
omero.gateway - DEBUG - Creating Session...
omero.gateway - DEBUG - ## Creating proxies
omero.gateway.utils - DEBUG - Setting 'omero.client.uuid' to '86ea89af-9e34-4f9b-ac39-80fd564a918b'
omero.gateway.utils - DEBUG - Setting 'omero.session.uuid' to '679d49b5-83f0-4a82-bb63-d3f996fa1c06'
omero.gateway.utils - DEBUG - Key 'omero.group' not found in <ServiceOptsDict: {'omero.client.uuid': '86ea89af-9e34-4f9b-ac39-80fd564a918b', 'omero.session.uuid': '679d49b5-83f0-4a82-bb63-d3f996fa1c06'}>
omero.gateway.utils - DEBUG - Key 'omero.user' not found in <ServiceOptsDict: {'omero.client.uuid': '86ea89af-9e34-4f9b-ac39-80fd564a918b', 'omero.session.uuid': '679d49b5-83f0-4a82-bb63-d3f996fa1c06'}>
omero.gateway - DEBUG - Session created
omero.gateway - DEBUG - ## Reusing proxies
omero.gateway - INFO - created connection (uuid=679d49b5-83f0-4a82-bb63-d3f996fa1c06)
omero.gateway - DEBUG - .. connected!
omero.gateway - INFO - closed connection (uuid=679d49b5-83f0-4a82-bb63-d3f996fa1c06)
omero.gateway - DEBUG - islay.bio.ed.ac.uk
omero.gateway - DEBUG - None
omero.gateway - DEBUG - []
omero.gateway - DEBUG - Connect attempt, sUuid=None, group=None, self.sUuid=None
omero.gateway - DEBUG - Creating Session...
omero.gateway - DEBUG - ## Creating proxies
omero.gateway.utils - DEBUG - Setting 'omero.client.uuid' to '6a815792-79cf-4ce7-8751-a81b40fd027f'
omero.gateway.utils - DEBUG - Setting 'omero.session.uuid' to '2287b51e-d988-4687-ae3f-1acc9d4198c8'
omero.gateway.utils - DEBUG - Key 'omero.group' not found in <ServiceOptsDict: {'omero.client.uuid': '6a815792-79cf-4ce7-8751-a81b40fd027f', 'omero.session.uuid': '2287b51e-d988-4687-ae3f-1acc9d4198c8'}>
omero.gateway.utils - DEBUG - Key 'omero.user' not found in <ServiceOptsDict: {'omero.client.uuid': '6a815792-79cf-4ce7-8751-a81b40fd027f', 'omero.session.uuid': '2287b51e-d988-4687-ae3f-1acc9d4198c8'}>
omero.gateway - DEBUG - Session created
omero.gateway - DEBUG - ## Reusing proxies
omero.gateway - INFO - created connection (uuid=2287b51e-d988-4687-ae3f-1acc9d4198c8)
omero.gateway - DEBUG - .. connected!
omero.gateway.utils - DEBUG - Setting 'omero.client.uuid' to '6a815792-79cf-4ce7-8751-a81b40fd027f'
omero.gateway.utils - DEBUG - Setting 'omero.session.uuid' to '2287b51e-d988-4687-ae3f-1acc9d4198c8'
omero.gateway.utils - DEBUG - Setting 'omero.group' to 3
omero.gateway - INFO - closed connection (uuid=2287b51e-d988-4687-ae3f-1acc9d4198c8)
omero.gateway - DEBUG - islay.bio.ed.ac.uk
omero.gateway - DEBUG - None
omero.gateway - DEBUG - []
omero.gateway - DEBUG - Connect attempt, sUuid=None, group=None, self.sUuid=None
omero.gateway - DEBUG - Creating Session...
omero.gateway - DEBUG - ## Creating proxies
omero.gateway.utils - DEBUG - Setting 'omero.client.uuid' to 'de10fe0d-badb-4bc0-8401-842a1ff19e5a'
omero.gateway.utils - DEBUG - Setting 'omero.session.uuid' to '8196e3ee-8a76-4a7b-bb2d-a9de2e68c5b6'
omero.gateway.utils - DEBUG - Key 'omero.group' not found in <ServiceOptsDict: {'omero.client.uuid': 'de10fe0d-badb-4bc0-8401-842a1ff19e5a', 'omero.session.uuid': '8196e3ee-8a76-4a7b-bb2d-a9de2e68c5b6'}>
omero.gateway.utils - DEBUG - Key 'omero.user' not found in <ServiceOptsDict: {'omero.client.uuid': 'de10fe0d-badb-4bc0-8401-842a1ff19e5a', 'omero.session.uuid': '8196e3ee-8a76-4a7b-bb2d-a9de2e68c5b6'}>
omero.gateway - DEBUG - Session created
omero.gateway - DEBUG - ## Reusing proxies
omero.gateway - INFO - created connection (uuid=8196e3ee-8a76-4a7b-bb2d-a9de2e68c5b6)
omero.gateway - DEBUG - .. connected!
omero.gateway.utils - DEBUG - Setting 'omero.client.uuid' to 'de10fe0d-badb-4bc0-8401-842a1ff19e5a'
omero.gateway.utils - DEBUG - Setting 'omero.session.uuid' to '8196e3ee-8a76-4a7b-bb2d-a9de2e68c5b6'
omero.gateway.utils - DEBUG - Setting 'omero.group' to 3
omero.gateway - INFO - closed connection (uuid=8196e3ee-8a76-4a7b-bb2d-a9de2e68c5b6)
omero.gateway - DEBUG - islay.bio.ed.ac.uk
omero.gateway - DEBUG - None
omero.gateway - DEBUG - []
omero.gateway - DEBUG - Connect attempt, sUuid=None, group=None, self.sUuid=None
omero.gateway - DEBUG - Creating Session...
omero.gateway - DEBUG - ## Creating proxies
omero.gateway.utils - DEBUG - Setting 'omero.client.uuid' to 'a07547de-fdf2-461f-9d71-0840964424df'
omero.gateway.utils - DEBUG - Setting 'omero.session.uuid' to '18e0e5b2-91f7-47fb-b2d7-c4c182cd06f2'
omero.gateway.utils - DEBUG - Key 'omero.group' not found in <ServiceOptsDict: {'omero.client.uuid': 'a07547de-fdf2-461f-9d71-0840964424df', 'omero.session.uuid': '18e0e5b2-91f7-47fb-b2d7-c4c182cd06f2'}>
omero.gateway.utils - DEBUG - Key 'omero.user' not found in <ServiceOptsDict: {'omero.client.uuid': 'a07547de-fdf2-461f-9d71-0840964424df', 'omero.session.uuid': '18e0e5b2-91f7-47fb-b2d7-c4c182cd06f2'}>
omero.gateway - DEBUG - Session created
omero.gateway - DEBUG - ## Reusing proxies
omero.gateway - INFO - created connection (uuid=18e0e5b2-91f7-47fb-b2d7-c4c182cd06f2)
omero.gateway - DEBUG - .. connected!
omero.gateway.utils - DEBUG - Setting 'omero.client.uuid' to 'a07547de-fdf2-461f-9d71-0840964424df'
omero.gateway.utils - DEBUG - Setting 'omero.session.uuid' to '18e0e5b2-91f7-47fb-b2d7-c4c182cd06f2'
omero.gateway.utils - DEBUG - Setting 'omero.group' to 3
omero.gateway - INFO - closed connection (uuid=18e0e5b2-91f7-47fb-b2d7-c4c182cd06f2)
